27/Jul/2023:06:07:25 +0000 PUT /api/users/64be62b675583bb353a6a140/upload-image 400 46.292 ms
27/Jul/2023:06:08:06 +0000 PUT /api/users/64be62b675583bb353a6a140/upload-image 400 24.735 ms
27/Jul/2023:06:08:12 +0000 PUT /api/users/64be62b675583bb353a6a140/upload-image 400 25.146 ms
27/Jul/2023:06:08:42 +0000 PUT /api/users/64be62b675583bb353a6a140/upload-image 400 43.734 ms
27/Jul/2023:06:09:33 +0000 PUT /api/users/64be62b675583bb353a6a140/upload-image 400 49.546 ms
27/Jul/2023:06:34:51 +0000 PUT /api/users/64be62b675583bb353a6a140/upload-image 400 12.316 ms
27/Jul/2023:06:35:01 +0000 PUT /api/users/64be62b675583bb353a6a140 400 215.615 ms
27/Jul/2023:06:50:28 +0000 PUT /api/users/64be62b675583bb353a6a140 400 35.287 ms
27/Jul/2023:06:52:47 +0000 PUT /api/users/64be62b675583bb353a6a140 400 34.597 ms
27/Jul/2023:06:56:42 +0000 PUT /api/users/64be62b675583bb353a6a140 400 20.863 ms
27/Jul/2023:06:58:27 +0000 PUT /api/users/64be62b675583bb353a6a140 400 17.872 ms
27/Jul/2023:06:58:30 +0000 PUT /api/users/64be62b675583bb353a6a140 400 24.752 ms
27/Jul/2023:07:41:39 +0000 PUT /api/users/64be62b675583bb353a6a140 400 30.739 ms
27/Jul/2023:07:42:45 +0000 PUT /api/users/64be62b675583bb353a6a140 400 22.050 ms
27/Jul/2023:07:43:32 +0000 PUT /api/users/64be62b675583bb353a6a140 400 22.620 ms
27/Jul/2023:12:08:46 +0000 GET /undefined/uploads/C:/Users/%D7%93%D7%A7%D7%9C%D7%94/%D7%A7%D7%95%D7%A8%D7%A1%20%D7%91%D7%A0%D7%99%D7%99%D7%AA%20%D7%90%D7%AA%D7%A8%D7%99%D7%9D-%202/Final%20Project/Final%20Project-%20Server/uploads/1690443694109-2.jpg 404 4.138 ms
27/Jul/2023:12:14:54 +0000 GET /uploads/C:/Users/%D7%93%D7%A7%D7%9C%D7%94/%D7%A7%D7%95%D7%A8%D7%A1%20%D7%91%D7%A0%D7%99%D7%99%D7%AA%20%D7%90%D7%AA%D7%A8%D7%99%D7%9D-%202/Final%20Project/Final%20Project-%20Server/uploads/1690443694109-2.jpg 404 3.228 ms
27/Jul/2023:12:14:59 +0000 GET /uploads/C:/Users/%D7%93%D7%A7%D7%9C%D7%94/%D7%A7%D7%95%D7%A8%D7%A1%20%D7%91%D7%A0%D7%99%D7%99%D7%AA%20%D7%90%D7%AA%D7%A8%D7%99%D7%9D-%202/Final%20Project/Final%20Project-%20Server/uploads/1690443694109-2.jpg 404 4.466 ms
27/Jul/2023:12:17:22 +0000 GET /uploads/C:/Users/%D7%93%D7%A7%D7%9C%D7%94/%D7%A7%D7%95%D7%A8%D7%A1%20%D7%91%D7%A0%D7%99%D7%99%D7%AA%20%D7%90%D7%AA%D7%A8%D7%99%D7%9D-%202/Final%20Project/Final%20Project-%20Server/uploads/1690443694109-2.jpg 404 2.298 ms
27/Jul/2023:12:19:15 +0000 GET /uploads/C:/Users/%D7%93%D7%A7%D7%9C%D7%94/%D7%A7%D7%95%D7%A8%D7%A1%20%D7%91%D7%A0%D7%99%D7%99%D7%AA%20%D7%90%D7%AA%D7%A8%D7%99%D7%9D-%202/Final%20Project/Final%20Project-%20Server/uploads/1690443694109-2.jpg 404 2.637 ms
27/Jul/2023:13:18:05 +0000 GET /image/C%3A%5CUsers%5C%D7%93%D7%A7%D7%9C%D7%94%5C%D7%A7%D7%95%D7%A8%D7%A1%20%D7%91%D7%A0%D7%99%D7%99%D7%AA%20%D7%90%D7%AA%D7%A8%D7%99%D7%9D-%202%5CFinal%20Project%5CFinal%20Project-%20Server%5Cuploads%5C1690443694109-2.jpg 404 13.815 ms
27/Jul/2023:13:34:19 +0000 GET /image/C%3A%5CUsers%5C%D7%93%D7%A7%D7%9C%D7%94%5C%D7%A7%D7%95%D7%A8%D7%A1%20%D7%91%D7%A0%D7%99%D7%99%D7%AA%20%D7%90%D7%AA%D7%A8%D7%99%D7%9D-%202%5CFinal%20Project%5CFinal%20Project-%20Server%5Cuploads%5C1690443694109-2.jpg 404 0.722 ms
27/Jul/2023:13:35:44 +0000 GET /image/http%3A%2F%2Flocalhost%3A8181%2FinitialData%2Fimgs%2FinitialData%2Fimgs%2F2022_ani_cartoon_27.jpg 404 3.068 ms
27/Jul/2023:13:35:53 +0000 GET /image/http%3A%2F%2Flocalhost%3A8181%2FinitialData%2Fimgs%2FinitialData%2Fimgs%2F2022_ani_cartoon_27.jpg 404 1.680 ms
28/Jul/2023:08:07:06 +0000 GET /image/C%3A%5CUsers%5C%D7%93%D7%A7%D7%9C%D7%94%5C%D7%A7%D7%95%D7%A8%D7%A1%20%D7%91%D7%A0%D7%99%D7%99%D7%AA%20%D7%90%D7%AA%D7%A8%D7%99%D7%9D-%202%5CFinal%20Project%5CFinal%20Project-%20Server%5Cuploads%5C1690443694109-2.jpg 404 3.058 ms
28/Jul/2023:08:09:09 +0000 GET /image/C%3A%5CUsers%5C%D7%93%D7%A7%D7%9C%D7%94%5C%D7%A7%D7%95%D7%A8%D7%A1%20%D7%91%D7%A0%D7%99%D7%99%D7%AA%20%D7%90%D7%AA%D7%A8%D7%99%D7%9D-%202%5CFinal%20Project%5CFinal%20Project-%20Server%5Cuploads%5C1690443694109-2.jpg 404 0.691 ms
28/Jul/2023:08:11:20 +0000 GET /image/C%3A%5CUsers%5C%D7%93%D7%A7%D7%9C%D7%94%5C%D7%A7%D7%95%D7%A8%D7%A1%20%D7%91%D7%A0%D7%99%D7%99%D7%AA%20%D7%90%D7%AA%D7%A8%D7%99%D7%9D-%202%5CFinal%20Project%5CFinal%20Project-%20Server%5Cuploads%5C1690443694109-2.jpg 404 0.947 ms
